2024-07-15 10:53:08.538 [background-preinit] INFO  org.hibernate.validator.internal.util.Version - HV000001: Hibernate Validator 8.0.1.Final
2024-07-15 10:53:08.562 [restartedMain] INFO  aiims.cf.tms_api.TmsApiApplication - Starting TmsApiApplication using Java 21.0.3 with PID 7196 (C:\WORK STS V3.0\tms-api\tms-api\target\classes started by USER in C:\WORK STS V3.0\tms-api\tms-api)
2024-07-15 10:53:08.564 [restartedMain] INFO  aiims.cf.tms_api.TmsApiApplication - No active profile set, falling back to 1 default profile: "default"
2024-07-15 10:53:08.587 [restartedMain] INFO  org.springframework.boot.devtools.env.DevToolsPropertyDefaultsPostProcessor - Devtools property defaults active! Set 'spring.devtools.add-properties' to 'false' to disable
2024-07-15 10:53:08.587 [restartedMain] INFO  org.springframework.boot.devtools.env.DevToolsPropertyDefaultsPostProcessor - For additional web related logging consider setting the 'logging.level.web' property to 'DEBUG'
2024-07-15 10:53:09.242 [restartedMain] INFO  org.springframework.data.repository.config.RepositoryConfigurationDelegate - Multiple Spring Data modules found, entering strict repository configuration mode
2024-07-15 10:53:09.243 [restartedMain] INFO  org.springframework.data.repository.config.RepositoryConfigurationDelegate - Bootstrapping Spring Data JPA repositories in DEFAULT mode.
2024-07-15 10:53:09.331 [restartedMain] INFO  org.springframework.data.repository.config.RepositoryConfigurationDelegate - Finished Spring Data repository scanning in 82 ms. Found 8 JPA repository interfaces.
2024-07-15 10:53:09.342 [restartedMain] INFO  org.springframework.data.repository.config.RepositoryConfigurationDelegate - Multiple Spring Data modules found, entering strict repository configuration mode
2024-07-15 10:53:09.343 [restartedMain] INFO  org.springframework.data.repository.config.RepositoryConfigurationDelegate - Bootstrapping Spring Data Redis repositories in DEFAULT mode.
2024-07-15 10:53:09.353 [restartedMain] INFO  org.springframework.data.repository.config.RepositoryConfigurationExtensionSupport - Spring Data Redis - Could not safely identify store assignment for repository candidate interface aiims.cf.tms_api.repositories.ActionRepo; If you want this repository to be a Redis repository, consider annotating your entities with one of these annotations: org.springframework.data.redis.core.RedisHash (preferred), or consider extending one of the following types with your repository: org.springframework.data.keyvalue.repository.KeyValueRepository
2024-07-15 10:53:09.354 [restartedMain] INFO  org.springframework.data.repository.config.RepositoryConfigurationExtensionSupport - Spring Data Redis - Could not safely identify store assignment for repository candidate interface aiims.cf.tms_api.repositories.CategoryRepo; If you want this repository to be a Redis repository, consider annotating your entities with one of these annotations: org.springframework.data.redis.core.RedisHash (preferred), or consider extending one of the following types with your repository: org.springframework.data.keyvalue.repository.KeyValueRepository
2024-07-15 10:53:09.354 [restartedMain] INFO  org.springframework.data.repository.config.RepositoryConfigurationExtensionSupport - Spring Data Redis - Could not safely identify store assignment for repository candidate interface aiims.cf.tms_api.repositories.DepartmentRepo; If you want this repository to be a Redis repository, consider annotating your entities with one of these annotations: org.springframework.data.redis.core.RedisHash (preferred), or consider extending one of the following types with your repository: org.springframework.data.keyvalue.repository.KeyValueRepository
2024-07-15 10:53:09.354 [restartedMain] INFO  org.springframework.data.repository.config.RepositoryConfigurationExtensionSupport - Spring Data Redis - Could not safely identify store assignment for repository candidate interface aiims.cf.tms_api.repositories.GrievenceRepo; If you want this repository to be a Redis repository, consider annotating your entities with one of these annotations: org.springframework.data.redis.core.RedisHash (preferred), or consider extending one of the following types with your repository: org.springframework.data.keyvalue.repository.KeyValueRepository
2024-07-15 10:53:09.354 [restartedMain] INFO  org.springframework.data.repository.config.RepositoryConfigurationExtensionSupport - Spring Data Redis - Could not safely identify store assignment for repository candidate interface aiims.cf.tms_api.repositories.RemarksRepo; If you want this repository to be a Redis repository, consider annotating your entities with one of these annotations: org.springframework.data.redis.core.RedisHash (preferred), or consider extending one of the following types with your repository: org.springframework.data.keyvalue.repository.KeyValueRepository
2024-07-15 10:53:09.355 [restartedMain] INFO  org.springframework.data.repository.config.RepositoryConfigurationExtensionSupport - Spring Data Redis - Could not safely identify store assignment for repository candidate interface aiims.cf.tms_api.repositories.ResponsibilitiesRepo; If you want this repository to be a Redis repository, consider annotating your entities with one of these annotations: org.springframework.data.redis.core.RedisHash (preferred), or consider extending one of the following types with your repository: org.springframework.data.keyvalue.repository.KeyValueRepository
2024-07-15 10:53:09.355 [restartedMain] INFO  org.springframework.data.repository.config.RepositoryConfigurationExtensionSupport - Spring Data Redis - Could not safely identify store assignment for repository candidate interface aiims.cf.tms_api.repositories.RoleRepo; If you want this repository to be a Redis repository, consider annotating your entities with one of these annotations: org.springframework.data.redis.core.RedisHash (preferred), or consider extending one of the following types with your repository: org.springframework.data.keyvalue.repository.KeyValueRepository
2024-07-15 10:53:09.356 [restartedMain] INFO  org.springframework.data.repository.config.RepositoryConfigurationExtensionSupport - Spring Data Redis - Could not safely identify store assignment for repository candidate interface aiims.cf.tms_api.repositories.UserRepo; If you want this repository to be a Redis repository, consider annotating your entities with one of these annotations: org.springframework.data.redis.core.RedisHash (preferred), or consider extending one of the following types with your repository: org.springframework.data.keyvalue.repository.KeyValueRepository
2024-07-15 10:53:09.356 [restartedMain] INFO  org.springframework.data.repository.config.RepositoryConfigurationDelegate - Finished Spring Data repository scanning in 7 ms. Found 0 Redis repository interfaces.
2024-07-15 10:53:09.810 [restartedMain] INFO  org.springframework.boot.web.embedded.tomcat.TomcatWebServer - Tomcat initialized with port 8080 (http)
2024-07-15 10:53:09.817 [restartedMain] INFO  org.apache.coyote.http11.Http11NioProtocol - Initializing ProtocolHandler ["http-nio-8080"]
2024-07-15 10:53:09.818 [restartedMain] INFO  org.apache.catalina.core.StandardService - Starting service [Tomcat]
2024-07-15 10:53:09.818 [restartedMain] INFO  org.apache.catalina.core.StandardEngine - Starting Servlet engine: [Apache Tomcat/10.1.25]
2024-07-15 10:53:09.846 [restartedMain] INFO  org.apache.catalina.core.ContainerBase.[Tomcat].[localhost].[/] - Initializing Spring embedded WebApplicationContext
2024-07-15 10:53:09.846 [restartedMain] INFO  org.springframework.boot.web.servlet.context.ServletWebServerApplicationContext - Root WebApplicationContext: initialization completed in 1258 ms
2024-07-15 10:53:09.953 [restartedMain] INFO  org.hibernate.jpa.internal.util.LogHelper - HHH000204: Processing PersistenceUnitInfo [name: default]
2024-07-15 10:53:09.980 [restartedMain] INFO  org.hibernate.Version - HHH000412: Hibernate ORM core version 6.5.2.Final
2024-07-15 10:53:09.996 [restartedMain] INFO  org.hibernate.cache.internal.RegionFactoryInitiator - HHH000026: Second-level cache disabled
2024-07-15 10:53:10.144 [restartedMain] INFO  org.springframework.orm.jpa.persistenceunit.SpringPersistenceUnitInfo - No LoadTimeWeaver setup: ignoring JPA class transformer
2024-07-15 10:53:10.163 [restartedMain] INFO  com.zaxxer.hikari.HikariDataSource - HikariPool-1 - Starting...
2024-07-15 10:53:10.277 [restartedMain] INFO  com.zaxxer.hikari.pool.HikariPool - HikariPool-1 - Added connection org.postgresql.jdbc.PgConnection@47e47384
2024-07-15 10:53:10.279 [restartedMain] INFO  com.zaxxer.hikari.HikariDataSource - HikariPool-1 - Start completed.
2024-07-15 10:53:10.325 [restartedMain] WARN  org.hibernate.orm.deprecation - HHH90000025: PostgreSQLDialect does not need to be specified explicitly using 'hibernate.dialect' (remove the property setting and it will be selected by default)
2024-07-15 10:53:10.966 [restartedMain] INFO  org.hibernate.engine.transaction.jta.platform.internal.JtaPlatformInitiator - HHH000489: No JTA platform available (set 'hibernate.transaction.jta.platform' to enable JTA platform integration)
2024-07-15 10:53:11.089 [restartedMain] INFO  org.springframework.orm.jpa.LocalContainerEntityManagerFactoryBean - Initialized JPA EntityManagerFactory for persistence unit 'default'
2024-07-15 10:53:11.306 [restartedMain] INFO  org.springframework.data.jpa.repository.query.QueryEnhancerFactory - Hibernate is in classpath; If applicable, HQL parser will be used.
2024-07-15 10:53:12.172 [restartedMain] INFO  org.springframework.security.config.annotation.authentication.configuration.InitializeAuthenticationProviderBeanManagerConfigurer$InitializeAuthenticationProviderManagerConfigurer - Global AuthenticationManager configured with AuthenticationProvider bean with name authenticationProvider
2024-07-15 10:53:12.173 [restartedMain] WARN  org.springframework.security.config.annotation.authentication.configuration.InitializeUserDetailsBeanManagerConfigurer$InitializeUserDetailsManagerConfigurer - Global AuthenticationManager configured with an AuthenticationProvider bean. UserDetailsService beans will not be used for username/password login. Consider removing the AuthenticationProvider bean. Alternatively, consider using the UserDetailsService in a manually instantiated DaoAuthenticationProvider.
2024-07-15 10:53:12.185 [restartedMain] INFO  org.springframework.beans.factory.annotation.AutowiredAnnotationBeanPostProcessor - Autowired annotation is not supported on static fields: private static java.lang.String aiims.cf.tms_api.utils.DatabaseBackupService.backupLocation
2024-07-15 10:53:12.212 [restartedMain] WARN  org.springframework.boot.autoconfigure.orm.jpa.JpaBaseConfiguration$JpaWebConfiguration - spring.jpa.open-in-view is enabled by default. Therefore, database queries may be performed during view rendering. Explicitly configure spring.jpa.open-in-view to disable this warning
2024-07-15 10:53:12.755 [restartedMain] INFO  org.springframework.boot.devtools.autoconfigure.OptionalLiveReloadServer - LiveReload server is running on port 35729
2024-07-15 10:53:12.769 [restartedMain] INFO  org.apache.coyote.http11.Http11NioProtocol - Starting ProtocolHandler ["http-nio-8080"]
2024-07-15 10:53:12.793 [restartedMain] INFO  org.springframework.boot.web.embedded.tomcat.TomcatWebServer - Tomcat started on port 8080 (http) with context path '/'
2024-07-15 10:53:12.800 [restartedMain] INFO  aiims.cf.tms_api.TmsApiApplication - Started TmsApiApplication in 4.508 seconds (process running for 8.502)
2024-07-15 10:54:25.499 [http-nio-8080-exec-1] INFO  org.apache.catalina.core.ContainerBase.[Tomcat].[localhost].[/] - Initializing Spring DispatcherServlet 'dispatcherServlet'
2024-07-15 10:54:25.499 [http-nio-8080-exec-1] INFO  org.springframework.web.servlet.DispatcherServlet - Initializing Servlet 'dispatcherServlet'
2024-07-15 10:54:25.499 [http-nio-8080-exec-1] INFO  org.springframework.web.servlet.DispatcherServlet - Completed initialization in 0 ms
2024-07-15 10:54:25.530 [http-nio-8080-exec-3] INFO  aiims.cf.tms_api.security.JwtAuthenticationFilter - JwtAuthenticationFilter is processing the request.
2024-07-15 10:54:25.530 [http-nio-8080-exec-3] INFO  aiims.cf.tms_api.security.JwtAuthenticationFilter - Request Token: null
2024-07-15 10:54:25.530 [http-nio-8080-exec-3] WARN  aiims.cf.tms_api.security.JwtAuthenticationFilter - JWT token does not begin with Bearer
2024-07-15 10:54:25.530 [http-nio-8080-exec-3] WARN  aiims.cf.tms_api.security.JwtAuthenticationFilter - Username is null or context is not null.
2024-07-15 10:54:25.608 [http-nio-8080-exec-3] INFO  aiims.cf.tms_api.utils.LoggingAdvice - User : anonymousUser is calling from IP : 192.168.30.88 method invoked class aiims.cf.tms_api.controllers.AuthController : createToken() arguments : [{"username":"A1234567","password":"VM3M+aAcfxI8LKBRoO4jTg=="}]
2024-07-15 10:54:25.827 [http-nio-8080-exec-3] ERROR aiims.cf.tms_api.utils.LoggingAdvice - User:anonymousUser, got Exception from:createToken, with Input parameter values:[aiims.cf.tms_api.payload.requests.JwtAuthRequest@7bea978a], and getting exception as:Invalid username or password !!
2024-07-15 10:54:25.837 [http-nio-8080-exec-3] WARN  org.springframework.web.servlet.mvc.method.annotation.ExceptionHandlerExceptionResolver - Resolved [aiims.cf.tms_api.exceptions.ApiException: Invalid username or password !!]
2024-07-15 10:55:03.935 [http-nio-8080-exec-4] INFO  aiims.cf.tms_api.security.JwtAuthenticationFilter - JwtAuthenticationFilter is processing the request.
2024-07-15 10:55:03.935 [http-nio-8080-exec-4] INFO  aiims.cf.tms_api.security.JwtAuthenticationFilter - Request Token: null
2024-07-15 10:55:03.935 [http-nio-8080-exec-4] WARN  aiims.cf.tms_api.security.JwtAuthenticationFilter - JWT token does not begin with Bearer
2024-07-15 10:55:03.935 [http-nio-8080-exec-4] WARN  aiims.cf.tms_api.security.JwtAuthenticationFilter - Username is null or context is not null.
2024-07-15 10:55:03.935 [http-nio-8080-exec-4] INFO  aiims.cf.tms_api.utils.LoggingAdvice - User : anonymousUser is calling from IP : 192.168.30.88 method invoked class aiims.cf.tms_api.controllers.AuthController : createToken() arguments : [{"username":"A1234567","password":"JFtIuhfeUI66DGyFH3MEQA=="}]
2024-07-15 10:55:04.060 [http-nio-8080-exec-4] INFO  aiims.cf.tms_api.utils.LoggingAdvice - User : anonymousUser calling from IP : 192.168.30.88 has been completed class aiims.cf.tms_api.controllers.AuthController : createToken()Response : {"headers":{},"body":{"empId":"A1234567","username":"Admin","token":"eyJhbGciOiJIUzI1NiJ9.eyJzdWIiOiJBMTIzNDU2NyIsImV4cCI6MTcyMTAzOTEwNCwiaWF0IjoxNzIxMDIxMTA0fQ.qV_UAnuR938qxVmz2BP--KXNn2YWzU0mv_3BMfn6p5g","role":[{"id":1,"name":"ROLE_ADMIN"}]},"statusCode":"OK","statusCodeValue":200}
2024-07-15 10:55:04.154 [http-nio-8080-exec-5] INFO  aiims.cf.tms_api.security.JwtAuthenticationFilter - JwtAuthenticationFilter is processing the request.
2024-07-15 10:55:04.154 [http-nio-8080-exec-5] INFO  aiims.cf.tms_api.security.JwtAuthenticationFilter - Request Token: Bearer eyJhbGciOiJIUzI1NiJ9.eyJzdWIiOiJBMTIzNDU2NyIsImV4cCI6MTcyMTAzOTEwNCwiaWF0IjoxNzIxMDIxMTA0fQ.qV_UAnuR938qxVmz2BP--KXNn2YWzU0mv_3BMfn6p5g
2024-07-15 10:59:03.585 [http-nio-8080-exec-8] INFO  aiims.cf.tms_api.security.JwtAuthenticationFilter - JwtAuthenticationFilter is processing the request.
2024-07-15 10:59:03.585 [http-nio-8080-exec-8] INFO  aiims.cf.tms_api.security.JwtAuthenticationFilter - Request Token: null
2024-07-15 10:59:03.585 [http-nio-8080-exec-8] WARN  aiims.cf.tms_api.security.JwtAuthenticationFilter - JWT token does not begin with Bearer
2024-07-15 10:59:03.585 [http-nio-8080-exec-8] WARN  aiims.cf.tms_api.security.JwtAuthenticationFilter - Username is null or context is not null.
2024-07-15 10:59:03.585 [http-nio-8080-exec-8] INFO  aiims.cf.tms_api.utils.LoggingAdvice - User : anonymousUser is calling from IP : 192.168.30.88 method invoked class aiims.cf.tms_api.controllers.AuthController : createToken() arguments : [{"username":"A1234567","password":"JFtIuhfeUI66DGyFH3MEQA=="}]
2024-07-15 10:59:03.674 [http-nio-8080-exec-8] INFO  aiims.cf.tms_api.utils.LoggingAdvice - User : anonymousUser calling from IP : 192.168.30.88 has been completed class aiims.cf.tms_api.controllers.AuthController : createToken()Response : {"headers":{},"body":{"empId":"A1234567","username":"Admin","token":"eyJhbGciOiJIUzI1NiJ9.eyJzdWIiOiJBMTIzNDU2NyIsImV4cCI6MTcyMTAzOTM0MywiaWF0IjoxNzIxMDIxMzQzfQ.zEOQJS_Y1r9qrIm81LdtlKjpT3uNdleE6qfVLsYcwAM","role":[{"id":1,"name":"ROLE_ADMIN"}]},"statusCode":"OK","statusCodeValue":200}
2024-07-15 10:59:03.695 [http-nio-8080-exec-1] INFO  aiims.cf.tms_api.security.JwtAuthenticationFilter - JwtAuthenticationFilter is processing the request.
2024-07-15 10:59:03.695 [http-nio-8080-exec-1] INFO  aiims.cf.tms_api.security.JwtAuthenticationFilter - Request Token: Bearer eyJhbGciOiJIUzI1NiJ9.eyJzdWIiOiJBMTIzNDU2NyIsImV4cCI6MTcyMTAzOTM0MywiaWF0IjoxNzIxMDIxMzQzfQ.zEOQJS_Y1r9qrIm81LdtlKjpT3uNdleE6qfVLsYcwAM
2024-07-15 10:59:37.288 [http-nio-8080-exec-2] INFO  aiims.cf.tms_api.security.JwtAuthenticationFilter - JwtAuthenticationFilter is processing the request.
2024-07-15 10:59:37.288 [http-nio-8080-exec-2] INFO  aiims.cf.tms_api.security.JwtAuthenticationFilter - Request Token: null
2024-07-15 10:59:37.288 [http-nio-8080-exec-2] WARN  aiims.cf.tms_api.security.JwtAuthenticationFilter - JWT token does not begin with Bearer
2024-07-15 10:59:37.288 [http-nio-8080-exec-2] WARN  aiims.cf.tms_api.security.JwtAuthenticationFilter - Username is null or context is not null.
2024-07-15 10:59:37.288 [http-nio-8080-exec-2] INFO  aiims.cf.tms_api.utils.LoggingAdvice - User : anonymousUser is calling from IP : 192.168.30.88 method invoked class aiims.cf.tms_api.controllers.AuthController : createToken() arguments : [{"username":"H1234567","password":"JFtIuhfeUI66DGyFH3MEQA=="}]
2024-07-15 10:59:37.366 [http-nio-8080-exec-2] INFO  aiims.cf.tms_api.utils.LoggingAdvice - User : anonymousUser calling from IP : 192.168.30.88 has been completed class aiims.cf.tms_api.controllers.AuthController : createToken()Response : {"headers":{},"body":{"empId":"H1234567","username":"HelpDesk1","token":"eyJhbGciOiJIUzI1NiJ9.eyJzdWIiOiJIMTIzNDU2NyIsImV4cCI6MTcyMTAzOTM3NywiaWF0IjoxNzIxMDIxMzc3fQ.pOzxX9wFjBwi5SDWqlyangVIosdh6-VmuwFh6jfKAMw","role":[{"id":2,"name":"ROLE_HELPDESK"}]},"statusCode":"OK","statusCodeValue":200}
2024-07-15 10:59:37.398 [http-nio-8080-exec-5] INFO  aiims.cf.tms_api.security.JwtAuthenticationFilter - JwtAuthenticationFilter is processing the request.
2024-07-15 10:59:37.413 [http-nio-8080-exec-5] INFO  aiims.cf.tms_api.security.JwtAuthenticationFilter - Request Token: Bearer eyJhbGciOiJIUzI1NiJ9.eyJzdWIiOiJIMTIzNDU2NyIsImV4cCI6MTcyMTAzOTM3NywiaWF0IjoxNzIxMDIxMzc3fQ.pOzxX9wFjBwi5SDWqlyangVIosdh6-VmuwFh6jfKAMw
2024-07-15 10:59:37.460 [http-nio-8080-exec-7] INFO  aiims.cf.tms_api.security.JwtAuthenticationFilter - JwtAuthenticationFilter is processing the request.
2024-07-15 10:59:37.460 [http-nio-8080-exec-7] INFO  aiims.cf.tms_api.security.JwtAuthenticationFilter - Request Token: Bearer eyJhbGciOiJIUzI1NiJ9.eyJzdWIiOiJIMTIzNDU2NyIsImV4cCI6MTcyMTAzOTM3NywiaWF0IjoxNzIxMDIxMzc3fQ.pOzxX9wFjBwi5SDWqlyangVIosdh6-VmuwFh6jfKAMw
2024-07-15 10:59:39.789 [http-nio-8080-exec-9] INFO  aiims.cf.tms_api.security.JwtAuthenticationFilter - JwtAuthenticationFilter is processing the request.
2024-07-15 10:59:39.789 [http-nio-8080-exec-9] INFO  aiims.cf.tms_api.security.JwtAuthenticationFilter - Request Token: Bearer eyJhbGciOiJIUzI1NiJ9.eyJzdWIiOiJIMTIzNDU2NyIsImV4cCI6MTcyMTAzOTM3NywiaWF0IjoxNzIxMDIxMzc3fQ.pOzxX9wFjBwi5SDWqlyangVIosdh6-VmuwFh6jfKAMw
2024-07-15 10:59:40.367 [http-nio-8080-exec-8] INFO  aiims.cf.tms_api.security.JwtAuthenticationFilter - JwtAuthenticationFilter is processing the request.
2024-07-15 10:59:40.367 [http-nio-8080-exec-8] INFO  aiims.cf.tms_api.security.JwtAuthenticationFilter - Request Token: Bearer eyJhbGciOiJIUzI1NiJ9.eyJzdWIiOiJIMTIzNDU2NyIsImV4cCI6MTcyMTAzOTM3NywiaWF0IjoxNzIxMDIxMzc3fQ.pOzxX9wFjBwi5SDWqlyangVIosdh6-VmuwFh6jfKAMw
2024-07-15 10:59:42.603 [http-nio-8080-exec-1] INFO  aiims.cf.tms_api.security.JwtAuthenticationFilter - JwtAuthenticationFilter is processing the request.
2024-07-15 10:59:42.618 [http-nio-8080-exec-1] INFO  aiims.cf.tms_api.security.JwtAuthenticationFilter - Request Token: Bearer eyJhbGciOiJIUzI1NiJ9.eyJzdWIiOiJIMTIzNDU2NyIsImV4cCI6MTcyMTAzOTM3NywiaWF0IjoxNzIxMDIxMzc3fQ.pOzxX9wFjBwi5SDWqlyangVIosdh6-VmuwFh6jfKAMw
2024-07-15 10:59:48.477 [http-nio-8080-exec-2] INFO  aiims.cf.tms_api.security.JwtAuthenticationFilter - JwtAuthenticationFilter is processing the request.
2024-07-15 10:59:48.477 [http-nio-8080-exec-2] INFO  aiims.cf.tms_api.security.JwtAuthenticationFilter - Request Token: Bearer eyJhbGciOiJIUzI1NiJ9.eyJzdWIiOiJIMTIzNDU2NyIsImV4cCI6MTcyMTAzOTM3NywiaWF0IjoxNzIxMDIxMzc3fQ.pOzxX9wFjBwi5SDWqlyangVIosdh6-VmuwFh6jfKAMw
2024-07-15 10:59:48.477 [http-nio-8080-exec-2] INFO  aiims.cf.tms_api.utils.LoggingAdvice - User : H1234567 is calling from IP : 192.168.30.88 method invoked class aiims.cf.tms_api.controllers.AdminController : canAssignGrievanceTo() arguments : [{"userId":null,"departmentId":1,"categoryId":2}]
2024-07-15 10:59:48.509 [http-nio-8080-exec-2] INFO  aiims.cf.tms_api.utils.LoggingAdvice - User : H1234567 calling from IP : 192.168.30.88 has been completed class aiims.cf.tms_api.controllers.AdminController : canAssignGrievanceTo()Response : {"headers":{},"body":[{"id":952,"user":{"id":102,"fullName":"Staff11","employeeId":"S1234567","contactNo":"9818974692","email":"s@s.s","status":"ACTIVE","password":"$2a$10$4M4g6kEPLyYx.Qlf7Cp2Ze6cXN4WQoVbo3G1Cuvcs89CpQcb3uGQG","department":null,"roles":[{"id":3,"name":"ROLE_STAFF"}]},"department":{"id":1,"name":"CF","status":"ACTIVE","categories":[{"id":1,"name":"eOffice","status":"ACTIVE"},{"id":2,"name":"HRMs","status":"ACTIVE"}]},"assignedCategory":null}],"statusCode":"OK","statusCodeValue":200}
2024-07-15 11:00:26.247 [http-nio-8080-exec-6] INFO  aiims.cf.tms_api.security.JwtAuthenticationFilter - JwtAuthenticationFilter is processing the request.
2024-07-15 11:00:26.247 [http-nio-8080-exec-6] INFO  aiims.cf.tms_api.security.JwtAuthenticationFilter - Request Token: Bearer eyJhbGciOiJIUzI1NiJ9.eyJzdWIiOiJIMTIzNDU2NyIsImV4cCI6MTcyMTAzOTM3NywiaWF0IjoxNzIxMDIxMzc3fQ.pOzxX9wFjBwi5SDWqlyangVIosdh6-VmuwFh6jfKAMw
2024-07-15 11:00:26.262 [http-nio-8080-exec-6] INFO  aiims.cf.tms_api.utils.LoggingAdvice - User : H1234567 is calling from IP : 192.168.30.88 method invoked class aiims.cf.tms_api.controllers.AdminController : canAssignGrievanceTo() arguments : [{"userId":null,"departmentId":1,"categoryId":2}]
2024-07-15 11:00:26.278 [http-nio-8080-exec-6] INFO  aiims.cf.tms_api.utils.LoggingAdvice - User : H1234567 calling from IP : 192.168.30.88 has been completed class aiims.cf.tms_api.controllers.AdminController : canAssignGrievanceTo()Response : {"headers":{},"body":[{"id":952,"user":{"id":102,"fullName":"Staff11","employeeId":"S1234567","contactNo":"9818974692","email":"s@s.s","status":"ACTIVE","password":"$2a$10$4M4g6kEPLyYx.Qlf7Cp2Ze6cXN4WQoVbo3G1Cuvcs89CpQcb3uGQG","department":null,"roles":[{"id":3,"name":"ROLE_STAFF"}]},"department":{"id":1,"name":"CF","status":"ACTIVE","categories":[{"id":1,"name":"eOffice","status":"ACTIVE"},{"id":2,"name":"HRMs","status":"ACTIVE"}]},"assignedCategory":null}],"statusCode":"OK","statusCodeValue":200}
2024-07-15 11:00:36.238 [http-nio-8080-exec-7] INFO  aiims.cf.tms_api.security.JwtAuthenticationFilter - JwtAuthenticationFilter is processing the request.
2024-07-15 11:00:36.238 [http-nio-8080-exec-7] INFO  aiims.cf.tms_api.security.JwtAuthenticationFilter - Request Token: Bearer eyJhbGciOiJIUzI1NiJ9.eyJzdWIiOiJIMTIzNDU2NyIsImV4cCI6MTcyMTAzOTM3NywiaWF0IjoxNzIxMDIxMzc3fQ.pOzxX9wFjBwi5SDWqlyangVIosdh6-VmuwFh6jfKAMw
2024-07-15 11:00:38.004 [http-nio-8080-exec-9] INFO  aiims.cf.tms_api.security.JwtAuthenticationFilter - JwtAuthenticationFilter is processing the request.
2024-07-15 11:00:38.004 [http-nio-8080-exec-9] INFO  aiims.cf.tms_api.security.JwtAuthenticationFilter - Request Token: Bearer eyJhbGciOiJIUzI1NiJ9.eyJzdWIiOiJIMTIzNDU2NyIsImV4cCI6MTcyMTAzOTM3NywiaWF0IjoxNzIxMDIxMzc3fQ.pOzxX9wFjBwi5SDWqlyangVIosdh6-VmuwFh6jfKAMw
2024-07-15 11:00:38.662 [http-nio-8080-exec-8] INFO  aiims.cf.tms_api.security.JwtAuthenticationFilter - JwtAuthenticationFilter is processing the request.
2024-07-15 11:00:38.662 [http-nio-8080-exec-8] INFO  aiims.cf.tms_api.security.JwtAuthenticationFilter - Request Token: Bearer eyJhbGciOiJIUzI1NiJ9.eyJzdWIiOiJIMTIzNDU2NyIsImV4cCI6MTcyMTAzOTM3NywiaWF0IjoxNzIxMDIxMzc3fQ.pOzxX9wFjBwi5SDWqlyangVIosdh6-VmuwFh6jfKAMw
2024-07-15 11:00:39.152 [http-nio-8080-exec-1] INFO  aiims.cf.tms_api.security.JwtAuthenticationFilter - JwtAuthenticationFilter is processing the request.
2024-07-15 11:00:39.152 [http-nio-8080-exec-1] INFO  aiims.cf.tms_api.security.JwtAuthenticationFilter - Request Token: Bearer eyJhbGciOiJIUzI1NiJ9.eyJzdWIiOiJIMTIzNDU2NyIsImV4cCI6MTcyMTAzOTM3NywiaWF0IjoxNzIxMDIxMzc3fQ.pOzxX9wFjBwi5SDWqlyangVIosdh6-VmuwFh6jfKAMw
2024-07-15 11:00:40.803 [http-nio-8080-exec-3] INFO  aiims.cf.tms_api.security.JwtAuthenticationFilter - JwtAuthenticationFilter is processing the request.
2024-07-15 11:00:40.803 [http-nio-8080-exec-3] INFO  aiims.cf.tms_api.security.JwtAuthenticationFilter - Request Token: Bearer eyJhbGciOiJIUzI1NiJ9.eyJzdWIiOiJIMTIzNDU2NyIsImV4cCI6MTcyMTAzOTM3NywiaWF0IjoxNzIxMDIxMzc3fQ.pOzxX9wFjBwi5SDWqlyangVIosdh6-VmuwFh6jfKAMw
2024-07-15 11:00:41.898 [http-nio-8080-exec-4] INFO  aiims.cf.tms_api.security.JwtAuthenticationFilter - JwtAuthenticationFilter is processing the request.
2024-07-15 11:00:41.898 [http-nio-8080-exec-4] INFO  aiims.cf.tms_api.security.JwtAuthenticationFilter - Request Token: Bearer eyJhbGciOiJIUzI1NiJ9.eyJzdWIiOiJIMTIzNDU2NyIsImV4cCI6MTcyMTAzOTM3NywiaWF0IjoxNzIxMDIxMzc3fQ.pOzxX9wFjBwi5SDWqlyangVIosdh6-VmuwFh6jfKAMw
2024-07-15 11:00:42.930 [http-nio-8080-exec-6] INFO  aiims.cf.tms_api.security.JwtAuthenticationFilter - JwtAuthenticationFilter is processing the request.
2024-07-15 11:00:42.930 [http-nio-8080-exec-6] INFO  aiims.cf.tms_api.security.JwtAuthenticationFilter - Request Token: Bearer eyJhbGciOiJIUzI1NiJ9.eyJzdWIiOiJIMTIzNDU2NyIsImV4cCI6MTcyMTAzOTM3NywiaWF0IjoxNzIxMDIxMzc3fQ.pOzxX9wFjBwi5SDWqlyangVIosdh6-VmuwFh6jfKAMw
2024-07-15 11:00:47.728 [http-nio-8080-exec-7] INFO  aiims.cf.tms_api.security.JwtAuthenticationFilter - JwtAuthenticationFilter is processing the request.
2024-07-15 11:00:47.728 [http-nio-8080-exec-7] INFO  aiims.cf.tms_api.security.JwtAuthenticationFilter - Request Token: Bearer eyJhbGciOiJIUzI1NiJ9.eyJzdWIiOiJIMTIzNDU2NyIsImV4cCI6MTcyMTAzOTM3NywiaWF0IjoxNzIxMDIxMzc3fQ.pOzxX9wFjBwi5SDWqlyangVIosdh6-VmuwFh6jfKAMw
2024-07-15 11:00:51.165 [http-nio-8080-exec-9] INFO  aiims.cf.tms_api.security.JwtAuthenticationFilter - JwtAuthenticationFilter is processing the request.
2024-07-15 11:00:51.181 [http-nio-8080-exec-9] INFO  aiims.cf.tms_api.security.JwtAuthenticationFilter - Request Token: Bearer eyJhbGciOiJIUzI1NiJ9.eyJzdWIiOiJIMTIzNDU2NyIsImV4cCI6MTcyMTAzOTM3NywiaWF0IjoxNzIxMDIxMzc3fQ.pOzxX9wFjBwi5SDWqlyangVIosdh6-VmuwFh6jfKAMw
2024-07-15 11:00:53.822 [http-nio-8080-exec-8] INFO  aiims.cf.tms_api.security.JwtAuthenticationFilter - JwtAuthenticationFilter is processing the request.
2024-07-15 11:00:53.822 [http-nio-8080-exec-8] INFO  aiims.cf.tms_api.security.JwtAuthenticationFilter - Request Token: Bearer eyJhbGciOiJIUzI1NiJ9.eyJzdWIiOiJIMTIzNDU2NyIsImV4cCI6MTcyMTAzOTM3NywiaWF0IjoxNzIxMDIxMzc3fQ.pOzxX9wFjBwi5SDWqlyangVIosdh6-VmuwFh6jfKAMw
2024-07-15 11:01:41.249 [http-nio-8080-exec-3] INFO  aiims.cf.tms_api.security.JwtAuthenticationFilter - JwtAuthenticationFilter is processing the request.
2024-07-15 11:01:41.249 [http-nio-8080-exec-3] INFO  aiims.cf.tms_api.security.JwtAuthenticationFilter - Request Token: null
2024-07-15 11:01:41.249 [http-nio-8080-exec-3] WARN  aiims.cf.tms_api.security.JwtAuthenticationFilter - JWT token does not begin with Bearer
2024-07-15 11:01:41.249 [http-nio-8080-exec-3] WARN  aiims.cf.tms_api.security.JwtAuthenticationFilter - Username is null or context is not null.
2024-07-15 11:01:41.265 [http-nio-8080-exec-3] INFO  aiims.cf.tms_api.utils.LoggingAdvice - User : anonymousUser is calling from IP : 192.168.30.88 method invoked class aiims.cf.tms_api.controllers.AuthController : createToken() arguments : [{"username":"S1234567","password":"JFtIuhfeUI66DGyFH3MEQA=="}]
2024-07-15 11:01:41.343 [http-nio-8080-exec-3] INFO  aiims.cf.tms_api.utils.LoggingAdvice - User : anonymousUser calling from IP : 192.168.30.88 has been completed class aiims.cf.tms_api.controllers.AuthController : createToken()Response : {"headers":{},"body":{"empId":"S1234567","username":"Staff11","token":"eyJhbGciOiJIUzI1NiJ9.eyJzdWIiOiJTMTIzNDU2NyIsImV4cCI6MTcyMTAzOTUwMSwiaWF0IjoxNzIxMDIxNTAxfQ.qwBMB4akZrMB45NuV3wg818KMBNMc7fsroeDvJgDOPI","role":[{"id":3,"name":"ROLE_STAFF"}]},"statusCode":"OK","statusCodeValue":200}
2024-07-15 11:01:41.390 [http-nio-8080-exec-6] INFO  aiims.cf.tms_api.security.JwtAuthenticationFilter - JwtAuthenticationFilter is processing the request.
2024-07-15 11:01:41.390 [http-nio-8080-exec-6] INFO  aiims.cf.tms_api.security.JwtAuthenticationFilter - Request Token: Bearer eyJhbGciOiJIUzI1NiJ9.eyJzdWIiOiJTMTIzNDU2NyIsImV4cCI6MTcyMTAzOTUwMSwiaWF0IjoxNzIxMDIxNTAxfQ.qwBMB4akZrMB45NuV3wg818KMBNMc7fsroeDvJgDOPI
2024-07-15 11:01:41.405 [http-nio-8080-exec-5] INFO  aiims.cf.tms_api.security.JwtAuthenticationFilter - JwtAuthenticationFilter is processing the request.
2024-07-15 11:01:41.405 [http-nio-8080-exec-5] INFO  aiims.cf.tms_api.security.JwtAuthenticationFilter - Request Token: Bearer eyJhbGciOiJIUzI1NiJ9.eyJzdWIiOiJTMTIzNDU2NyIsImV4cCI6MTcyMTAzOTUwMSwiaWF0IjoxNzIxMDIxNTAxfQ.qwBMB4akZrMB45NuV3wg818KMBNMc7fsroeDvJgDOPI
2024-07-15 11:01:43.531 [http-nio-8080-exec-7] INFO  aiims.cf.tms_api.security.JwtAuthenticationFilter - JwtAuthenticationFilter is processing the request.
2024-07-15 11:01:43.531 [http-nio-8080-exec-7] INFO  aiims.cf.tms_api.security.JwtAuthenticationFilter - Request Token: Bearer eyJhbGciOiJIUzI1NiJ9.eyJzdWIiOiJTMTIzNDU2NyIsImV4cCI6MTcyMTAzOTUwMSwiaWF0IjoxNzIxMDIxNTAxfQ.qwBMB4akZrMB45NuV3wg818KMBNMc7fsroeDvJgDOPI
2024-07-15 11:01:46.782 [http-nio-8080-exec-10] INFO  aiims.cf.tms_api.security.JwtAuthenticationFilter - JwtAuthenticationFilter is processing the request.
2024-07-15 11:01:46.782 [http-nio-8080-exec-10] INFO  aiims.cf.tms_api.security.JwtAuthenticationFilter - Request Token: Bearer eyJhbGciOiJIUzI1NiJ9.eyJzdWIiOiJTMTIzNDU2NyIsImV4cCI6MTcyMTAzOTUwMSwiaWF0IjoxNzIxMDIxNTAxfQ.qwBMB4akZrMB45NuV3wg818KMBNMc7fsroeDvJgDOPI
2024-07-15 11:02:14.172 [http-nio-8080-exec-1] INFO  aiims.cf.tms_api.security.JwtAuthenticationFilter - JwtAuthenticationFilter is processing the request.
2024-07-15 11:02:14.172 [http-nio-8080-exec-1] INFO  aiims.cf.tms_api.security.JwtAuthenticationFilter - Request Token: null
2024-07-15 11:02:14.172 [http-nio-8080-exec-1] WARN  aiims.cf.tms_api.security.JwtAuthenticationFilter - JWT token does not begin with Bearer
2024-07-15 11:02:14.172 [http-nio-8080-exec-1] WARN  aiims.cf.tms_api.security.JwtAuthenticationFilter - Username is null or context is not null.
2024-07-15 11:02:14.172 [http-nio-8080-exec-1] INFO  aiims.cf.tms_api.utils.LoggingAdvice - User : anonymousUser is calling from IP : 192.168.30.88 method invoked class aiims.cf.tms_api.controllers.AuthController : createToken() arguments : [{"username":"H1234567","password":"JFtIuhfeUI66DGyFH3MEQA=="}]
2024-07-15 11:02:14.234 [http-nio-8080-exec-1] INFO  aiims.cf.tms_api.utils.LoggingAdvice - User : anonymousUser calling from IP : 192.168.30.88 has been completed class aiims.cf.tms_api.controllers.AuthController : createToken()Response : {"headers":{},"body":{"empId":"H1234567","username":"HelpDesk1","token":"eyJhbGciOiJIUzI1NiJ9.eyJzdWIiOiJIMTIzNDU2NyIsImV4cCI6MTcyMTAzOTUzNCwiaWF0IjoxNzIxMDIxNTM0fQ.yTEJ0Gsw19AKTp-MT_kVNY3JDOh2w4WozMj-hugmyKo","role":[{"id":2,"name":"ROLE_HELPDESK"}]},"statusCode":"OK","statusCodeValue":200}
2024-07-15 11:02:14.297 [http-nio-8080-exec-4] INFO  aiims.cf.tms_api.security.JwtAuthenticationFilter - JwtAuthenticationFilter is processing the request.
2024-07-15 11:02:14.297 [http-nio-8080-exec-4] INFO  aiims.cf.tms_api.security.JwtAuthenticationFilter - Request Token: Bearer eyJhbGciOiJIUzI1NiJ9.eyJzdWIiOiJIMTIzNDU2NyIsImV4cCI6MTcyMTAzOTUzNCwiaWF0IjoxNzIxMDIxNTM0fQ.yTEJ0Gsw19AKTp-MT_kVNY3JDOh2w4WozMj-hugmyKo
2024-07-15 11:02:14.328 [http-nio-8080-exec-6] INFO  aiims.cf.tms_api.security.JwtAuthenticationFilter - JwtAuthenticationFilter is processing the request.
2024-07-15 11:02:14.328 [http-nio-8080-exec-6] INFO  aiims.cf.tms_api.security.JwtAuthenticationFilter - Request Token: Bearer eyJhbGciOiJIUzI1NiJ9.eyJzdWIiOiJIMTIzNDU2NyIsImV4cCI6MTcyMTAzOTUzNCwiaWF0IjoxNzIxMDIxNTM0fQ.yTEJ0Gsw19AKTp-MT_kVNY3JDOh2w4WozMj-hugmyKo
2024-07-15 11:02:18.859 [http-nio-8080-exec-5] INFO  aiims.cf.tms_api.security.JwtAuthenticationFilter - JwtAuthenticationFilter is processing the request.
2024-07-15 11:02:18.859 [http-nio-8080-exec-5] INFO  aiims.cf.tms_api.security.JwtAuthenticationFilter - Request Token: Bearer eyJhbGciOiJIUzI1NiJ9.eyJzdWIiOiJIMTIzNDU2NyIsImV4cCI6MTcyMTAzOTUzNCwiaWF0IjoxNzIxMDIxNTM0fQ.yTEJ0Gsw19AKTp-MT_kVNY3JDOh2w4WozMj-hugmyKo
2024-07-15 11:02:19.472 [http-nio-8080-exec-9] INFO  aiims.cf.tms_api.security.JwtAuthenticationFilter - JwtAuthenticationFilter is processing the request.
2024-07-15 11:02:19.472 [http-nio-8080-exec-9] INFO  aiims.cf.tms_api.security.JwtAuthenticationFilter - Request Token: Bearer eyJhbGciOiJIUzI1NiJ9.eyJzdWIiOiJIMTIzNDU2NyIsImV4cCI6MTcyMTAzOTUzNCwiaWF0IjoxNzIxMDIxNTM0fQ.yTEJ0Gsw19AKTp-MT_kVNY3JDOh2w4WozMj-hugmyKo
2024-07-15 11:02:20.375 [http-nio-8080-exec-10] INFO  aiims.cf.tms_api.security.JwtAuthenticationFilter - JwtAuthenticationFilter is processing the request.
2024-07-15 11:02:20.375 [http-nio-8080-exec-10] INFO  aiims.cf.tms_api.security.JwtAuthenticationFilter - Request Token: Bearer eyJhbGciOiJIUzI1NiJ9.eyJzdWIiOiJIMTIzNDU2NyIsImV4cCI6MTcyMTAzOTUzNCwiaWF0IjoxNzIxMDIxNTM0fQ.yTEJ0Gsw19AKTp-MT_kVNY3JDOh2w4WozMj-hugmyKo
2024-07-15 11:02:22.765 [http-nio-8080-exec-8] INFO  aiims.cf.tms_api.security.JwtAuthenticationFilter - JwtAuthenticationFilter is processing the request.
2024-07-15 11:02:22.765 [http-nio-8080-exec-8] INFO  aiims.cf.tms_api.security.JwtAuthenticationFilter - Request Token: Bearer eyJhbGciOiJIUzI1NiJ9.eyJzdWIiOiJIMTIzNDU2NyIsImV4cCI6MTcyMTAzOTUzNCwiaWF0IjoxNzIxMDIxNTM0fQ.yTEJ0Gsw19AKTp-MT_kVNY3JDOh2w4WozMj-hugmyKo
2024-07-15 11:02:24.640 [http-nio-8080-exec-3] INFO  aiims.cf.tms_api.security.JwtAuthenticationFilter - JwtAuthenticationFilter is processing the request.
2024-07-15 11:02:24.640 [http-nio-8080-exec-3] INFO  aiims.cf.tms_api.security.JwtAuthenticationFilter - Request Token: Bearer eyJhbGciOiJIUzI1NiJ9.eyJzdWIiOiJIMTIzNDU2NyIsImV4cCI6MTcyMTAzOTUzNCwiaWF0IjoxNzIxMDIxNTM0fQ.yTEJ0Gsw19AKTp-MT_kVNY3JDOh2w4WozMj-hugmyKo
2024-07-15 11:02:25.359 [http-nio-8080-exec-2] INFO  aiims.cf.tms_api.security.JwtAuthenticationFilter - JwtAuthenticationFilter is processing the request.
2024-07-15 11:02:25.359 [http-nio-8080-exec-2] INFO  aiims.cf.tms_api.security.JwtAuthenticationFilter - Request Token: Bearer eyJhbGciOiJIUzI1NiJ9.eyJzdWIiOiJIMTIzNDU2NyIsImV4cCI6MTcyMTAzOTUzNCwiaWF0IjoxNzIxMDIxNTM0fQ.yTEJ0Gsw19AKTp-MT_kVNY3JDOh2w4WozMj-hugmyKo
2024-07-15 11:02:28.218 [http-nio-8080-exec-6] INFO  aiims.cf.tms_api.security.JwtAuthenticationFilter - JwtAuthenticationFilter is processing the request.
2024-07-15 11:02:28.218 [http-nio-8080-exec-6] INFO  aiims.cf.tms_api.security.JwtAuthenticationFilter - Request Token: Bearer eyJhbGciOiJIUzI1NiJ9.eyJzdWIiOiJIMTIzNDU2NyIsImV4cCI6MTcyMTAzOTUzNCwiaWF0IjoxNzIxMDIxNTM0fQ.yTEJ0Gsw19AKTp-MT_kVNY3JDOh2w4WozMj-hugmyKo
2024-07-15 11:02:28.234 [http-nio-8080-exec-6] INFO  aiims.cf.tms_api.utils.LoggingAdvice - User : H1234567 is calling from IP : 192.168.30.88 method invoked class aiims.cf.tms_api.controllers.AdminController : canAssignGrievanceTo() arguments : [{"userId":null,"departmentId":1,"categoryId":2}]
2024-07-15 11:02:28.234 [http-nio-8080-exec-6] INFO  aiims.cf.tms_api.utils.LoggingAdvice - User : H1234567 calling from IP : 192.168.30.88 has been completed class aiims.cf.tms_api.controllers.AdminController : canAssignGrievanceTo()Response : {"headers":{},"body":[{"id":952,"user":{"id":102,"fullName":"Staff11","employeeId":"S1234567","contactNo":"9818974692","email":"s@s.s","status":"ACTIVE","password":"$2a$10$4M4g6kEPLyYx.Qlf7Cp2Ze6cXN4WQoVbo3G1Cuvcs89CpQcb3uGQG","department":null,"roles":[{"id":3,"name":"ROLE_STAFF"}]},"department":{"id":1,"name":"CF","status":"ACTIVE","categories":[{"id":1,"name":"eOffice","status":"ACTIVE"},{"id":2,"name":"HRMs","status":"ACTIVE"}]},"assignedCategory":null}],"statusCode":"OK","statusCodeValue":200}
2024-07-15 11:02:31.390 [http-nio-8080-exec-7] INFO  aiims.cf.tms_api.security.JwtAuthenticationFilter - JwtAuthenticationFilter is processing the request.
2024-07-15 11:02:31.390 [http-nio-8080-exec-7] INFO  aiims.cf.tms_api.security.JwtAuthenticationFilter - Request Token: Bearer eyJhbGciOiJIUzI1NiJ9.eyJzdWIiOiJIMTIzNDU2NyIsImV4cCI6MTcyMTAzOTUzNCwiaWF0IjoxNzIxMDIxNTM0fQ.yTEJ0Gsw19AKTp-MT_kVNY3JDOh2w4WozMj-hugmyKo
2024-07-15 11:02:31.405 [http-nio-8080-exec-7] INFO  aiims.cf.tms_api.utils.LoggingAdvice - User : H1234567 is calling from IP : 192.168.30.88 method invoked class aiims.cf.tms_api.controllers.AdminController : assignGrievance() arguments : [{"grievanceRefNo":"2024070904300252","empId":"S1234567"}]
2024-07-15 11:02:31.452 [http-nio-8080-exec-7] INFO  aiims.cf.tms_api.utils.LoggingAdvice - User : H1234567 calling from IP : 192.168.30.88 has been completed class aiims.cf.tms_api.controllers.AdminController : assignGrievance()Response : {"headers":{},"body":{"refNo":"2024070904300252","department":{"id":1,"name":"CF","status":"ACTIVE","categories":[{"id":1,"name":"eOffice","status":"ACTIVE"},{"id":2,"name":"HRMs","status":"ACTIVE"}]},"category":{"id":2,"name":"HRMs","status":"ACTIVE"},"concern":"Only one stray cat to be adopted among the furry enemy. ","userRaisedBy":{"id":253,"fullName":"SUMAN JANGIR","employeeId":"E2200658","contactNo":"9818974691","email":"","status":"ACTIVE","password":"$2a$10$4M4g6kEPLyYx.Qlf7Cp2Ze6cXN4WQoVbo3G1Cuvcs89CpQcb3uGQG","department":null,"roles":[{"id":4,"name":"ROLE_NORMAL"}]},"grievanceStatus":"FORWARDED","lastUpdate":"2024-07-09 16:30:59.18","raisedOn":"2024-07-09 16:30:59.182","currentUser":{"id":102,"fullName":"Staff11","employeeId":"S1234567","contactNo":"9818974692","email":"s@s.s","status":"ACTIVE","password":"$2a$10$4M4g6kEPLyYx.Qlf7Cp2Ze6cXN4WQoVbo3G1Cuvcs89CpQcb3uGQG","department":null,"roles":[{"id":3,"name":"ROLE_STAFF"}]},"image1":null,"image2":null,"remarksResponse":[]},"statusCode":"OK","statusCodeValue":200}
2024-07-15 11:02:31.468 [http-nio-8080-exec-10] INFO  aiims.cf.tms_api.security.JwtAuthenticationFilter - JwtAuthenticationFilter is processing the request.
2024-07-15 11:02:31.468 [http-nio-8080-exec-10] INFO  aiims.cf.tms_api.security.JwtAuthenticationFilter - Request Token: Bearer eyJhbGciOiJIUzI1NiJ9.eyJzdWIiOiJIMTIzNDU2NyIsImV4cCI6MTcyMTAzOTUzNCwiaWF0IjoxNzIxMDIxNTM0fQ.yTEJ0Gsw19AKTp-MT_kVNY3JDOh2w4WozMj-hugmyKo
2024-07-15 11:02:33.379 [http-nio-8080-exec-1] INFO  aiims.cf.tms_api.security.JwtAuthenticationFilter - JwtAuthenticationFilter is processing the request.
2024-07-15 11:02:33.379 [http-nio-8080-exec-1] INFO  aiims.cf.tms_api.security.JwtAuthenticationFilter - Request Token: Bearer eyJhbGciOiJIUzI1NiJ9.eyJzdWIiOiJIMTIzNDU2NyIsImV4cCI6MTcyMTAzOTUzNCwiaWF0IjoxNzIxMDIxNTM0fQ.yTEJ0Gsw19AKTp-MT_kVNY3JDOh2w4WozMj-hugmyKo
2024-07-15 11:02:33.390 [http-nio-8080-exec-1] INFO  aiims.cf.tms_api.utils.LoggingAdvice - User : H1234567 is calling from IP : 192.168.30.88 method invoked class aiims.cf.tms_api.controllers.AdminController : canAssignGrievanceTo() arguments : [{"userId":null,"departmentId":1,"categoryId":1}]
2024-07-15 11:02:33.390 [http-nio-8080-exec-1] INFO  aiims.cf.tms_api.utils.LoggingAdvice - User : H1234567 calling from IP : 192.168.30.88 has been completed class aiims.cf.tms_api.controllers.AdminController : canAssignGrievanceTo()Response : {"headers":{},"body":[{"id":852,"user":{"id":102,"fullName":"Staff11","employeeId":"S1234567","contactNo":"9818974692","email":"s@s.s","status":"ACTIVE","password":"$2a$10$4M4g6kEPLyYx.Qlf7Cp2Ze6cXN4WQoVbo3G1Cuvcs89CpQcb3uGQG","department":null,"roles":[{"id":3,"name":"ROLE_STAFF"}]},"department":{"id":1,"name":"CF","status":"ACTIVE","categories":[{"id":1,"name":"eOffice","status":"ACTIVE"},{"id":2,"name":"HRMs","status":"ACTIVE"}]},"assignedCategory":null}],"statusCode":"OK","statusCodeValue":200}
2024-07-15 11:02:35.452 [http-nio-8080-exec-3] INFO  aiims.cf.tms_api.security.JwtAuthenticationFilter - JwtAuthenticationFilter is processing the request.
2024-07-15 11:02:35.452 [http-nio-8080-exec-3] INFO  aiims.cf.tms_api.security.JwtAuthenticationFilter - Request Token: Bearer eyJhbGciOiJIUzI1NiJ9.eyJzdWIiOiJIMTIzNDU2NyIsImV4cCI6MTcyMTAzOTUzNCwiaWF0IjoxNzIxMDIxNTM0fQ.yTEJ0Gsw19AKTp-MT_kVNY3JDOh2w4WozMj-hugmyKo
2024-07-15 11:02:35.452 [http-nio-8080-exec-3] INFO  aiims.cf.tms_api.utils.LoggingAdvice - User : H1234567 is calling from IP : 192.168.30.88 method invoked class aiims.cf.tms_api.controllers.AdminController : assignGrievance() arguments : [{"grievanceRefNo":"24070904520303","empId":"S1234567"}]
2024-07-15 11:02:35.468 [http-nio-8080-exec-3] INFO  aiims.cf.tms_api.utils.LoggingAdvice - User : H1234567 calling from IP : 192.168.30.88 has been completed class aiims.cf.tms_api.controllers.AdminController : assignGrievance()Response : {"headers":{},"body":{"refNo":"24070904520303","department":{"id":1,"name":"CF","status":"ACTIVE","categories":[{"id":1,"name":"eOffice","status":"ACTIVE"},{"id":2,"name":"HRMs","status":"ACTIVE"}]},"category":{"id":1,"name":"eOffice","status":"ACTIVE"},"concern":"BF VUIYUYG UYV UYVUY VYU ","userRaisedBy":{"id":253,"fullName":"SUMAN JANGIR","employeeId":"E2200658","contactNo":"9818974691","email":"","status":"ACTIVE","password":"$2a$10$4M4g6kEPLyYx.Qlf7Cp2Ze6cXN4WQoVbo3G1Cuvcs89CpQcb3uGQG","department":null,"roles":[{"id":4,"name":"ROLE_NORMAL"}]},"grievanceStatus":"FORWARDED","lastUpdate":"2024-07-09 16:52:16.786","raisedOn":"2024-07-09 16:52:16.787","currentUser":{"id":102,"fullName":"Staff11","employeeId":"S1234567","contactNo":"9818974692","email":"s@s.s","status":"ACTIVE","password":"$2a$10$4M4g6kEPLyYx.Qlf7Cp2Ze6cXN4WQoVbo3G1Cuvcs89CpQcb3uGQG","department":null,"roles":[{"id":3,"name":"ROLE_STAFF"}]},"image1":null,"image2":null,"remarksResponse":[]},"statusCode":"OK","statusCodeValue":200}
2024-07-15 11:02:35.468 [http-nio-8080-exec-2] INFO  aiims.cf.tms_api.security.JwtAuthenticationFilter - JwtAuthenticationFilter is processing the request.
2024-07-15 11:02:35.468 [http-nio-8080-exec-2] INFO  aiims.cf.tms_api.security.JwtAuthenticationFilter - Request Token: Bearer eyJhbGciOiJIUzI1NiJ9.eyJzdWIiOiJIMTIzNDU2NyIsImV4cCI6MTcyMTAzOTUzNCwiaWF0IjoxNzIxMDIxNTM0fQ.yTEJ0Gsw19AKTp-MT_kVNY3JDOh2w4WozMj-hugmyKo
2024-07-15 11:02:40.280 [http-nio-8080-exec-5] INFO  aiims.cf.tms_api.security.JwtAuthenticationFilter - JwtAuthenticationFilter is processing the request.
2024-07-15 11:02:40.280 [http-nio-8080-exec-5] INFO  aiims.cf.tms_api.security.JwtAuthenticationFilter - Request Token: Bearer eyJhbGciOiJIUzI1NiJ9.eyJzdWIiOiJTMTIzNDU2NyIsImV4cCI6MTcyMTAzOTUwMSwiaWF0IjoxNzIxMDIxNTAxfQ.qwBMB4akZrMB45NuV3wg818KMBNMc7fsroeDvJgDOPI
2024-07-15 11:02:40.296 [http-nio-8080-exec-7] INFO  aiims.cf.tms_api.security.JwtAuthenticationFilter - JwtAuthenticationFilter is processing the request.
2024-07-15 11:02:40.296 [http-nio-8080-exec-7] INFO  aiims.cf.tms_api.security.JwtAuthenticationFilter - Request Token: Bearer eyJhbGciOiJIUzI1NiJ9.eyJzdWIiOiJTMTIzNDU2NyIsImV4cCI6MTcyMTAzOTUwMSwiaWF0IjoxNzIxMDIxNTAxfQ.qwBMB4akZrMB45NuV3wg818KMBNMc7fsroeDvJgDOPI
2024-07-15 11:02:41.296 [http-nio-8080-exec-9] INFO  aiims.cf.tms_api.security.JwtAuthenticationFilter - JwtAuthenticationFilter is processing the request.
2024-07-15 11:02:41.296 [http-nio-8080-exec-9] INFO  aiims.cf.tms_api.security.JwtAuthenticationFilter - Request Token: Bearer eyJhbGciOiJIUzI1NiJ9.eyJzdWIiOiJTMTIzNDU2NyIsImV4cCI6MTcyMTAzOTUwMSwiaWF0IjoxNzIxMDIxNTAxfQ.qwBMB4akZrMB45NuV3wg818KMBNMc7fsroeDvJgDOPI
2024-07-15 11:02:41.311 [http-nio-8080-exec-10] INFO  aiims.cf.tms_api.security.JwtAuthenticationFilter - JwtAuthenticationFilter is processing the request.
2024-07-15 11:02:41.311 [http-nio-8080-exec-10] INFO  aiims.cf.tms_api.security.JwtAuthenticationFilter - Request Token: Bearer eyJhbGciOiJIUzI1NiJ9.eyJzdWIiOiJTMTIzNDU2NyIsImV4cCI6MTcyMTAzOTUwMSwiaWF0IjoxNzIxMDIxNTAxfQ.qwBMB4akZrMB45NuV3wg818KMBNMc7fsroeDvJgDOPI
2024-07-15 11:02:42.546 [http-nio-8080-exec-8] INFO  aiims.cf.tms_api.security.JwtAuthenticationFilter - JwtAuthenticationFilter is processing the request.
2024-07-15 11:02:42.546 [http-nio-8080-exec-8] INFO  aiims.cf.tms_api.security.JwtAuthenticationFilter - Request Token: Bearer eyJhbGciOiJIUzI1NiJ9.eyJzdWIiOiJTMTIzNDU2NyIsImV4cCI6MTcyMTAzOTUwMSwiaWF0IjoxNzIxMDIxNTAxfQ.qwBMB4akZrMB45NuV3wg818KMBNMc7fsroeDvJgDOPI
2024-07-15 11:02:43.656 [http-nio-8080-exec-1] INFO  aiims.cf.tms_api.security.JwtAuthenticationFilter - JwtAuthenticationFilter is processing the request.
2024-07-15 11:02:43.656 [http-nio-8080-exec-1] INFO  aiims.cf.tms_api.security.JwtAuthenticationFilter - Request Token: Bearer eyJhbGciOiJIUzI1NiJ9.eyJzdWIiOiJTMTIzNDU2NyIsImV4cCI6MTcyMTAzOTUwMSwiaWF0IjoxNzIxMDIxNTAxfQ.qwBMB4akZrMB45NuV3wg818KMBNMc7fsroeDvJgDOPI
2024-07-15 11:02:44.780 [http-nio-8080-exec-3] INFO  aiims.cf.tms_api.security.JwtAuthenticationFilter - JwtAuthenticationFilter is processing the request.
2024-07-15 11:02:44.780 [http-nio-8080-exec-3] INFO  aiims.cf.tms_api.security.JwtAuthenticationFilter - Request Token: Bearer eyJhbGciOiJIUzI1NiJ9.eyJzdWIiOiJTMTIzNDU2NyIsImV4cCI6MTcyMTAzOTUwMSwiaWF0IjoxNzIxMDIxNTAxfQ.qwBMB4akZrMB45NuV3wg818KMBNMc7fsroeDvJgDOPI
2024-07-15 11:02:44.796 [http-nio-8080-exec-2] INFO  aiims.cf.tms_api.security.JwtAuthenticationFilter - JwtAuthenticationFilter is processing the request.
2024-07-15 11:02:44.796 [http-nio-8080-exec-2] INFO  aiims.cf.tms_api.security.JwtAuthenticationFilter - Request Token: Bearer eyJhbGciOiJIUzI1NiJ9.eyJzdWIiOiJTMTIzNDU2NyIsImV4cCI6MTcyMTAzOTUwMSwiaWF0IjoxNzIxMDIxNTAxfQ.qwBMB4akZrMB45NuV3wg818KMBNMc7fsroeDvJgDOPI
2024-07-15 11:02:45.593 [http-nio-8080-exec-8] INFO  aiims.cf.tms_api.security.JwtAuthenticationFilter - JwtAuthenticationFilter is processing the request.
2024-07-15 11:02:45.593 [http-nio-8080-exec-8] INFO  aiims.cf.tms_api.security.JwtAuthenticationFilter - Request Token: Bearer eyJhbGciOiJIUzI1NiJ9.eyJzdWIiOiJTMTIzNDU2NyIsImV4cCI6MTcyMTAzOTUwMSwiaWF0IjoxNzIxMDIxNTAxfQ.qwBMB4akZrMB45NuV3wg818KMBNMc7fsroeDvJgDOPI
2024-07-15 11:02:45.608 [http-nio-8080-exec-1] INFO  aiims.cf.tms_api.security.JwtAuthenticationFilter - JwtAuthenticationFilter is processing the request.
2024-07-15 11:02:45.608 [http-nio-8080-exec-1] INFO  aiims.cf.tms_api.security.JwtAuthenticationFilter - Request Token: Bearer eyJhbGciOiJIUzI1NiJ9.eyJzdWIiOiJTMTIzNDU2NyIsImV4cCI6MTcyMTAzOTUwMSwiaWF0IjoxNzIxMDIxNTAxfQ.qwBMB4akZrMB45NuV3wg818KMBNMc7fsroeDvJgDOPI
2024-07-15 11:02:46.781 [http-nio-8080-exec-3] INFO  aiims.cf.tms_api.security.JwtAuthenticationFilter - JwtAuthenticationFilter is processing the request.
2024-07-15 11:02:46.781 [http-nio-8080-exec-3] INFO  aiims.cf.tms_api.security.JwtAuthenticationFilter - Request Token: Bearer eyJhbGciOiJIUzI1NiJ9.eyJzdWIiOiJTMTIzNDU2NyIsImV4cCI6MTcyMTAzOTUwMSwiaWF0IjoxNzIxMDIxNTAxfQ.qwBMB4akZrMB45NuV3wg818KMBNMc7fsroeDvJgDOPI
2024-07-15 11:02:46.797 [http-nio-8080-exec-2] INFO  aiims.cf.tms_api.security.JwtAuthenticationFilter - JwtAuthenticationFilter is processing the request.
2024-07-15 11:02:46.797 [http-nio-8080-exec-2] INFO  aiims.cf.tms_api.security.JwtAuthenticationFilter - Request Token: Bearer eyJhbGciOiJIUzI1NiJ9.eyJzdWIiOiJTMTIzNDU2NyIsImV4cCI6MTcyMTAzOTUwMSwiaWF0IjoxNzIxMDIxNTAxfQ.qwBMB4akZrMB45NuV3wg818KMBNMc7fsroeDvJgDOPI
2024-07-15 11:03:00.505 [http-nio-8080-exec-7] INFO  aiims.cf.tms_api.security.JwtAuthenticationFilter - JwtAuthenticationFilter is processing the request.
2024-07-15 11:03:00.505 [http-nio-8080-exec-7] INFO  aiims.cf.tms_api.security.JwtAuthenticationFilter - Request Token: null
2024-07-15 11:03:00.505 [http-nio-8080-exec-7] WARN  aiims.cf.tms_api.security.JwtAuthenticationFilter - JWT token does not begin with Bearer
2024-07-15 11:03:00.505 [http-nio-8080-exec-7] WARN  aiims.cf.tms_api.security.JwtAuthenticationFilter - Username is null or context is not null.
2024-07-15 11:03:00.505 [http-nio-8080-exec-7] INFO  aiims.cf.tms_api.utils.LoggingAdvice - User : anonymousUser is calling from IP : 192.168.30.88 method invoked class aiims.cf.tms_api.controllers.AuthController : createToken() arguments : [{"username":"S1234567","password":"JFtIuhfeUI66DGyFH3MEQA=="}]
2024-07-15 11:03:00.584 [http-nio-8080-exec-7] INFO  aiims.cf.tms_api.utils.LoggingAdvice - User : anonymousUser calling from IP : 192.168.30.88 has been completed class aiims.cf.tms_api.controllers.AuthController : createToken()Response : {"headers":{},"body":{"empId":"S1234567","username":"Staff11","token":"eyJhbGciOiJIUzI1NiJ9.eyJzdWIiOiJTMTIzNDU2NyIsImV4cCI6MTcyMTAzOTU4MCwiaWF0IjoxNzIxMDIxNTgwfQ.UAe0mUkijhiN80AFgDAUe5XYAHASOkypNSx4c40TLlU","role":[{"id":3,"name":"ROLE_STAFF"}]},"statusCode":"OK","statusCodeValue":200}
2024-07-15 11:03:00.599 [http-nio-8080-exec-9] INFO  aiims.cf.tms_api.security.JwtAuthenticationFilter - JwtAuthenticationFilter is processing the request.
2024-07-15 11:03:00.599 [http-nio-8080-exec-9] INFO  aiims.cf.tms_api.security.JwtAuthenticationFilter - Request Token: Bearer eyJhbGciOiJIUzI1NiJ9.eyJzdWIiOiJTMTIzNDU2NyIsImV4cCI6MTcyMTAzOTU4MCwiaWF0IjoxNzIxMDIxNTgwfQ.UAe0mUkijhiN80AFgDAUe5XYAHASOkypNSx4c40TLlU
2024-07-15 11:03:00.615 [http-nio-8080-exec-1] INFO  aiims.cf.tms_api.security.JwtAuthenticationFilter - JwtAuthenticationFilter is processing the request.
2024-07-15 11:03:00.615 [http-nio-8080-exec-1] INFO  aiims.cf.tms_api.security.JwtAuthenticationFilter - Request Token: Bearer eyJhbGciOiJIUzI1NiJ9.eyJzdWIiOiJTMTIzNDU2NyIsImV4cCI6MTcyMTAzOTU4MCwiaWF0IjoxNzIxMDIxNTgwfQ.UAe0mUkijhiN80AFgDAUe5XYAHASOkypNSx4c40TLlU
2024-07-15 11:03:02.368 [http-nio-8080-exec-3] INFO  aiims.cf.tms_api.security.JwtAuthenticationFilter - JwtAuthenticationFilter is processing the request.
2024-07-15 11:03:02.368 [http-nio-8080-exec-3] INFO  aiims.cf.tms_api.security.JwtAuthenticationFilter - Request Token: Bearer eyJhbGciOiJIUzI1NiJ9.eyJzdWIiOiJTMTIzNDU2NyIsImV4cCI6MTcyMTAzOTU4MCwiaWF0IjoxNzIxMDIxNTgwfQ.UAe0mUkijhiN80AFgDAUe5XYAHASOkypNSx4c40TLlU
2024-07-15 11:03:02.978 [http-nio-8080-exec-2] INFO  aiims.cf.tms_api.security.JwtAuthenticationFilter - JwtAuthenticationFilter is processing the request.
2024-07-15 11:03:02.993 [http-nio-8080-exec-2] INFO  aiims.cf.tms_api.security.JwtAuthenticationFilter - Request Token: Bearer eyJhbGciOiJIUzI1NiJ9.eyJzdWIiOiJTMTIzNDU2NyIsImV4cCI6MTcyMTAzOTU4MCwiaWF0IjoxNzIxMDIxNTgwfQ.UAe0mUkijhiN80AFgDAUe5XYAHASOkypNSx4c40TLlU
2024-07-15 11:03:06.815 [http-nio-8080-exec-10] INFO  aiims.cf.tms_api.security.JwtAuthenticationFilter - JwtAuthenticationFilter is processing the request.
2024-07-15 11:03:06.815 [http-nio-8080-exec-10] INFO  aiims.cf.tms_api.security.JwtAuthenticationFilter - Request Token: Bearer eyJhbGciOiJIUzI1NiJ9.eyJzdWIiOiJIMTIzNDU2NyIsImV4cCI6MTcyMTAzOTUzNCwiaWF0IjoxNzIxMDIxNTM0fQ.yTEJ0Gsw19AKTp-MT_kVNY3JDOh2w4WozMj-hugmyKo
2024-07-15 11:03:06.839 [http-nio-8080-exec-8] INFO  aiims.cf.tms_api.security.JwtAuthenticationFilter - JwtAuthenticationFilter is processing the request.
2024-07-15 11:03:06.839 [http-nio-8080-exec-8] INFO  aiims.cf.tms_api.security.JwtAuthenticationFilter - Request Token: Bearer eyJhbGciOiJIUzI1NiJ9.eyJzdWIiOiJIMTIzNDU2NyIsImV4cCI6MTcyMTAzOTUzNCwiaWF0IjoxNzIxMDIxNTM0fQ.yTEJ0Gsw19AKTp-MT_kVNY3JDOh2w4WozMj-hugmyKo
2024-07-15 11:03:07.605 [http-nio-8080-exec-9] INFO  aiims.cf.tms_api.security.JwtAuthenticationFilter - JwtAuthenticationFilter is processing the request.
2024-07-15 11:03:07.605 [http-nio-8080-exec-9] INFO  aiims.cf.tms_api.security.JwtAuthenticationFilter - Request Token: Bearer eyJhbGciOiJIUzI1NiJ9.eyJzdWIiOiJIMTIzNDU2NyIsImV4cCI6MTcyMTAzOTUzNCwiaWF0IjoxNzIxMDIxNTM0fQ.yTEJ0Gsw19AKTp-MT_kVNY3JDOh2w4WozMj-hugmyKo
2024-07-15 11:03:07.652 [http-nio-8080-exec-1] INFO  aiims.cf.tms_api.security.JwtAuthenticationFilter - JwtAuthenticationFilter is processing the request.
2024-07-15 11:03:07.652 [http-nio-8080-exec-1] INFO  aiims.cf.tms_api.security.JwtAuthenticationFilter - Request Token: Bearer eyJhbGciOiJIUzI1NiJ9.eyJzdWIiOiJIMTIzNDU2NyIsImV4cCI6MTcyMTAzOTUzNCwiaWF0IjoxNzIxMDIxNTM0fQ.yTEJ0Gsw19AKTp-MT_kVNY3JDOh2w4WozMj-hugmyKo
2024-07-15 11:03:12.263 [http-nio-8080-exec-2] INFO  aiims.cf.tms_api.security.JwtAuthenticationFilter - JwtAuthenticationFilter is processing the request.
2024-07-15 11:03:12.263 [http-nio-8080-exec-2] INFO  aiims.cf.tms_api.security.JwtAuthenticationFilter - Request Token: Bearer eyJhbGciOiJIUzI1NiJ9.eyJzdWIiOiJTMTIzNDU2NyIsImV4cCI6MTcyMTAzOTU4MCwiaWF0IjoxNzIxMDIxNTgwfQ.UAe0mUkijhiN80AFgDAUe5XYAHASOkypNSx4c40TLlU
2024-07-15 11:03:19.419 [http-nio-8080-exec-10] INFO  aiims.cf.tms_api.security.JwtAuthenticationFilter - JwtAuthenticationFilter is processing the request.
2024-07-15 11:03:19.419 [http-nio-8080-exec-10] INFO  aiims.cf.tms_api.security.JwtAuthenticationFilter - Request Token: Bearer eyJhbGciOiJIUzI1NiJ9.eyJzdWIiOiJIMTIzNDU2NyIsImV4cCI6MTcyMTAzOTUzNCwiaWF0IjoxNzIxMDIxNTM0fQ.yTEJ0Gsw19AKTp-MT_kVNY3JDOh2w4WozMj-hugmyKo
2024-07-15 11:03:23.949 [http-nio-8080-exec-8] INFO  aiims.cf.tms_api.security.JwtAuthenticationFilter - JwtAuthenticationFilter is processing the request.
2024-07-15 11:03:23.949 [http-nio-8080-exec-8] INFO  aiims.cf.tms_api.security.JwtAuthenticationFilter - Request Token: Bearer eyJhbGciOiJIUzI1NiJ9.eyJzdWIiOiJIMTIzNDU2NyIsImV4cCI6MTcyMTAzOTUzNCwiaWF0IjoxNzIxMDIxNTM0fQ.yTEJ0Gsw19AKTp-MT_kVNY3JDOh2w4WozMj-hugmyKo
2024-07-15 11:03:25.746 [http-nio-8080-exec-1] INFO  aiims.cf.tms_api.security.JwtAuthenticationFilter - JwtAuthenticationFilter is processing the request.
2024-07-15 11:03:25.746 [http-nio-8080-exec-1] INFO  aiims.cf.tms_api.security.JwtAuthenticationFilter - Request Token: Bearer eyJhbGciOiJIUzI1NiJ9.eyJzdWIiOiJIMTIzNDU2NyIsImV4cCI6MTcyMTAzOTUzNCwiaWF0IjoxNzIxMDIxNTM0fQ.yTEJ0Gsw19AKTp-MT_kVNY3JDOh2w4WozMj-hugmyKo
2024-07-15 11:03:25.746 [http-nio-8080-exec-1] INFO  aiims.cf.tms_api.utils.LoggingAdvice - User : H1234567 is calling from IP : 192.168.30.88 method invoked class aiims.cf.tms_api.controllers.AdminController : canAssignGrievanceTo() arguments : [{"userId":null,"departmentId":1,"categoryId":2}]
2024-07-15 11:03:25.746 [http-nio-8080-exec-1] INFO  aiims.cf.tms_api.utils.LoggingAdvice - User : H1234567 calling from IP : 192.168.30.88 has been completed class aiims.cf.tms_api.controllers.AdminController : canAssignGrievanceTo()Response : {"headers":{},"body":[{"id":952,"user":{"id":102,"fullName":"Staff11","employeeId":"S1234567","contactNo":"9818974692","email":"s@s.s","status":"ACTIVE","password":"$2a$10$4M4g6kEPLyYx.Qlf7Cp2Ze6cXN4WQoVbo3G1Cuvcs89CpQcb3uGQG","department":null,"roles":[{"id":3,"name":"ROLE_STAFF"}]},"department":{"id":1,"name":"CF","status":"ACTIVE","categories":[{"id":1,"name":"eOffice","status":"ACTIVE"},{"id":2,"name":"HRMs","status":"ACTIVE"}]},"assignedCategory":null}],"statusCode":"OK","statusCodeValue":200}
2024-07-15 11:03:28.027 [http-nio-8080-exec-2] INFO  aiims.cf.tms_api.security.JwtAuthenticationFilter - JwtAuthenticationFilter is processing the request.
2024-07-15 11:03:28.027 [http-nio-8080-exec-2] INFO  aiims.cf.tms_api.security.JwtAuthenticationFilter - Request Token: Bearer eyJhbGciOiJIUzI1NiJ9.eyJzdWIiOiJIMTIzNDU2NyIsImV4cCI6MTcyMTAzOTUzNCwiaWF0IjoxNzIxMDIxNTM0fQ.yTEJ0Gsw19AKTp-MT_kVNY3JDOh2w4WozMj-hugmyKo
2024-07-15 11:03:28.043 [http-nio-8080-exec-2] INFO  aiims.cf.tms_api.utils.LoggingAdvice - User : H1234567 is calling from IP : 192.168.30.88 method invoked class aiims.cf.tms_api.controllers.AdminController : assignGrievance() arguments : [{"grievanceRefNo":"24070904320302","empId":"S1234567"}]
2024-07-15 11:03:28.043 [http-nio-8080-exec-2] INFO  aiims.cf.tms_api.utils.LoggingAdvice - User : H1234567 calling from IP : 192.168.30.88 has been completed class aiims.cf.tms_api.controllers.AdminController : assignGrievance()Response : {"headers":{},"body":{"refNo":"24070904320302","department":{"id":1,"name":"CF","status":"ACTIVE","categories":[{"id":1,"name":"eOffice","status":"ACTIVE"},{"id":2,"name":"HRMs","status":"ACTIVE"}]},"category":{"id":2,"name":"HRMs","status":"ACTIVE"},"concern":"Only one stray cat to be adopted among the furry enemy. ","userRaisedBy":{"id":253,"fullName":"SUMAN JANGIR","employeeId":"E2200658","contactNo":"9818974691","email":"","status":"ACTIVE","password":"$2a$10$4M4g6kEPLyYx.Qlf7Cp2Ze6cXN4WQoVbo3G1Cuvcs89CpQcb3uGQG","department":null,"roles":[{"id":4,"name":"ROLE_NORMAL"}]},"grievanceStatus":"FORWARDED","lastUpdate":"2024-07-09 16:32:25.643","raisedOn":"2024-07-09 16:32:25.643","currentUser":{"id":102,"fullName":"Staff11","employeeId":"S1234567","contactNo":"9818974692","email":"s@s.s","status":"ACTIVE","password":"$2a$10$4M4g6kEPLyYx.Qlf7Cp2Ze6cXN4WQoVbo3G1Cuvcs89CpQcb3uGQG","department":null,"roles":[{"id":3,"name":"ROLE_STAFF"}]},"image1":null,"image2":null,"remarksResponse":[]},"statusCode":"OK","statusCodeValue":200}
2024-07-15 11:03:28.058 [http-nio-8080-exec-7] INFO  aiims.cf.tms_api.security.JwtAuthenticationFilter - JwtAuthenticationFilter is processing the request.
2024-07-15 11:03:28.058 [http-nio-8080-exec-7] INFO  aiims.cf.tms_api.security.JwtAuthenticationFilter - Request Token: Bearer eyJhbGciOiJIUzI1NiJ9.eyJzdWIiOiJIMTIzNDU2NyIsImV4cCI6MTcyMTAzOTUzNCwiaWF0IjoxNzIxMDIxNTM0fQ.yTEJ0Gsw19AKTp-MT_kVNY3JDOh2w4WozMj-hugmyKo
2024-07-15 11:03:31.402 [http-nio-8080-exec-6] INFO  aiims.cf.tms_api.security.JwtAuthenticationFilter - JwtAuthenticationFilter is processing the request.
2024-07-15 11:03:31.402 [http-nio-8080-exec-6] INFO  aiims.cf.tms_api.security.JwtAuthenticationFilter - Request Token: Bearer eyJhbGciOiJIUzI1NiJ9.eyJzdWIiOiJIMTIzNDU2NyIsImV4cCI6MTcyMTAzOTUzNCwiaWF0IjoxNzIxMDIxNTM0fQ.yTEJ0Gsw19AKTp-MT_kVNY3JDOh2w4WozMj-hugmyKo
2024-07-15 11:03:32.324 [http-nio-8080-exec-5] INFO  aiims.cf.tms_api.security.JwtAuthenticationFilter - JwtAuthenticationFilter is processing the request.
2024-07-15 11:03:32.324 [http-nio-8080-exec-5] INFO  aiims.cf.tms_api.security.JwtAuthenticationFilter - Request Token: Bearer eyJhbGciOiJIUzI1NiJ9.eyJzdWIiOiJIMTIzNDU2NyIsImV4cCI6MTcyMTAzOTUzNCwiaWF0IjoxNzIxMDIxNTM0fQ.yTEJ0Gsw19AKTp-MT_kVNY3JDOh2w4WozMj-hugmyKo
2024-07-15 11:03:35.105 [http-nio-8080-exec-8] INFO  aiims.cf.tms_api.security.JwtAuthenticationFilter - JwtAuthenticationFilter is processing the request.
2024-07-15 11:03:35.105 [http-nio-8080-exec-8] INFO  aiims.cf.tms_api.security.JwtAuthenticationFilter - Request Token: Bearer eyJhbGciOiJIUzI1NiJ9.eyJzdWIiOiJIMTIzNDU2NyIsImV4cCI6MTcyMTAzOTUzNCwiaWF0IjoxNzIxMDIxNTM0fQ.yTEJ0Gsw19AKTp-MT_kVNY3JDOh2w4WozMj-hugmyKo
2024-07-15 11:03:37.386 [http-nio-8080-exec-9] INFO  aiims.cf.tms_api.security.JwtAuthenticationFilter - JwtAuthenticationFilter is processing the request.
2024-07-15 11:03:37.386 [http-nio-8080-exec-9] INFO  aiims.cf.tms_api.security.JwtAuthenticationFilter - Request Token: Bearer eyJhbGciOiJIUzI1NiJ9.eyJzdWIiOiJIMTIzNDU2NyIsImV4cCI6MTcyMTAzOTUzNCwiaWF0IjoxNzIxMDIxNTM0fQ.yTEJ0Gsw19AKTp-MT_kVNY3JDOh2w4WozMj-hugmyKo
2024-07-15 11:03:37.402 [http-nio-8080-exec-1] INFO  aiims.cf.tms_api.security.JwtAuthenticationFilter - JwtAuthenticationFilter is processing the request.
2024-07-15 11:03:37.402 [http-nio-8080-exec-1] INFO  aiims.cf.tms_api.security.JwtAuthenticationFilter - Request Token: Bearer eyJhbGciOiJIUzI1NiJ9.eyJzdWIiOiJIMTIzNDU2NyIsImV4cCI6MTcyMTAzOTUzNCwiaWF0IjoxNzIxMDIxNTM0fQ.yTEJ0Gsw19AKTp-MT_kVNY3JDOh2w4WozMj-hugmyKo
2024-07-15 11:03:48.042 [http-nio-8080-exec-4] INFO  aiims.cf.tms_api.security.JwtAuthenticationFilter - JwtAuthenticationFilter is processing the request.
2024-07-15 11:03:48.042 [http-nio-8080-exec-4] INFO  aiims.cf.tms_api.security.JwtAuthenticationFilter - Request Token: Bearer eyJhbGciOiJIUzI1NiJ9.eyJzdWIiOiJTMTIzNDU2NyIsImV4cCI6MTcyMTAzOTU4MCwiaWF0IjoxNzIxMDIxNTgwfQ.UAe0mUkijhiN80AFgDAUe5XYAHASOkypNSx4c40TLlU
2024-07-15 11:03:48.042 [http-nio-8080-exec-7] INFO  aiims.cf.tms_api.security.JwtAuthenticationFilter - JwtAuthenticationFilter is processing the request.
2024-07-15 11:03:48.042 [http-nio-8080-exec-7] INFO  aiims.cf.tms_api.security.JwtAuthenticationFilter - Request Token: Bearer eyJhbGciOiJIUzI1NiJ9.eyJzdWIiOiJTMTIzNDU2NyIsImV4cCI6MTcyMTAzOTU4MCwiaWF0IjoxNzIxMDIxNTgwfQ.UAe0mUkijhiN80AFgDAUe5XYAHASOkypNSx4c40TLlU
2024-07-15 11:03:48.921 [http-nio-8080-exec-6] INFO  aiims.cf.tms_api.security.JwtAuthenticationFilter - JwtAuthenticationFilter is processing the request.
2024-07-15 11:03:48.937 [http-nio-8080-exec-6] INFO  aiims.cf.tms_api.security.JwtAuthenticationFilter - Request Token: Bearer eyJhbGciOiJIUzI1NiJ9.eyJzdWIiOiJTMTIzNDU2NyIsImV4cCI6MTcyMTAzOTU4MCwiaWF0IjoxNzIxMDIxNTgwfQ.UAe0mUkijhiN80AFgDAUe5XYAHASOkypNSx4c40TLlU
2024-07-15 11:04:14.984 [http-nio-8080-exec-2] INFO  aiims.cf.tms_api.security.JwtAuthenticationFilter - JwtAuthenticationFilter is processing the request.
2024-07-15 11:04:14.984 [http-nio-8080-exec-2] INFO  aiims.cf.tms_api.security.JwtAuthenticationFilter - Request Token: Bearer eyJhbGciOiJIUzI1NiJ9.eyJzdWIiOiJIMTIzNDU2NyIsImV4cCI6MTcyMTAzOTUzNCwiaWF0IjoxNzIxMDIxNTM0fQ.yTEJ0Gsw19AKTp-MT_kVNY3JDOh2w4WozMj-hugmyKo
2024-07-15 11:04:16.615 [http-nio-8080-exec-4] INFO  aiims.cf.tms_api.security.JwtAuthenticationFilter - JwtAuthenticationFilter is processing the request.
2024-07-15 11:04:16.615 [http-nio-8080-exec-4] INFO  aiims.cf.tms_api.security.JwtAuthenticationFilter - Request Token: Bearer eyJhbGciOiJIUzI1NiJ9.eyJzdWIiOiJIMTIzNDU2NyIsImV4cCI6MTcyMTAzOTUzNCwiaWF0IjoxNzIxMDIxNTM0fQ.yTEJ0Gsw19AKTp-MT_kVNY3JDOh2w4WozMj-hugmyKo
2024-07-15 11:04:22.831 [http-nio-8080-exec-6] INFO  aiims.cf.tms_api.security.JwtAuthenticationFilter - JwtAuthenticationFilter is processing the request.
2024-07-15 11:04:22.831 [http-nio-8080-exec-6] INFO  aiims.cf.tms_api.security.JwtAuthenticationFilter - Request Token: Bearer eyJhbGciOiJIUzI1NiJ9.eyJzdWIiOiJIMTIzNDU2NyIsImV4cCI6MTcyMTAzOTUzNCwiaWF0IjoxNzIxMDIxNTM0fQ.yTEJ0Gsw19AKTp-MT_kVNY3JDOh2w4WozMj-hugmyKo
2024-07-15 11:04:24.339 [http-nio-8080-exec-10] INFO  aiims.cf.tms_api.security.JwtAuthenticationFilter - JwtAuthenticationFilter is processing the request.
2024-07-15 11:04:24.339 [http-nio-8080-exec-10] INFO  aiims.cf.tms_api.security.JwtAuthenticationFilter - Request Token: Bearer eyJhbGciOiJIUzI1NiJ9.eyJzdWIiOiJIMTIzNDU2NyIsImV4cCI6MTcyMTAzOTUzNCwiaWF0IjoxNzIxMDIxNTM0fQ.yTEJ0Gsw19AKTp-MT_kVNY3JDOh2w4WozMj-hugmyKo
2024-07-15 11:04:25.978 [http-nio-8080-exec-8] INFO  aiims.cf.tms_api.security.JwtAuthenticationFilter - JwtAuthenticationFilter is processing the request.
2024-07-15 11:04:25.978 [http-nio-8080-exec-8] INFO  aiims.cf.tms_api.security.JwtAuthenticationFilter - Request Token: Bearer eyJhbGciOiJIUzI1NiJ9.eyJzdWIiOiJIMTIzNDU2NyIsImV4cCI6MTcyMTAzOTUzNCwiaWF0IjoxNzIxMDIxNTM0fQ.yTEJ0Gsw19AKTp-MT_kVNY3JDOh2w4WozMj-hugmyKo
2024-07-15 11:04:27.819 [http-nio-8080-exec-5] INFO  aiims.cf.tms_api.security.JwtAuthenticationFilter - JwtAuthenticationFilter is processing the request.
2024-07-15 11:04:27.819 [http-nio-8080-exec-5] INFO  aiims.cf.tms_api.security.JwtAuthenticationFilter - Request Token: Bearer eyJhbGciOiJIUzI1NiJ9.eyJzdWIiOiJIMTIzNDU2NyIsImV4cCI6MTcyMTAzOTUzNCwiaWF0IjoxNzIxMDIxNTM0fQ.yTEJ0Gsw19AKTp-MT_kVNY3JDOh2w4WozMj-hugmyKo
2024-07-15 11:05:15.762 [http-nio-8080-exec-1] INFO  aiims.cf.tms_api.security.JwtAuthenticationFilter - JwtAuthenticationFilter is processing the request.
2024-07-15 11:05:15.762 [http-nio-8080-exec-1] INFO  aiims.cf.tms_api.security.JwtAuthenticationFilter - Request Token: Bearer eyJhbGciOiJIUzI1NiJ9.eyJzdWIiOiJTMTIzNDU2NyIsImV4cCI6MTcyMTAzOTU4MCwiaWF0IjoxNzIxMDIxNTgwfQ.UAe0mUkijhiN80AFgDAUe5XYAHASOkypNSx4c40TLlU
2024-07-15 11:05:21.330 [http-nio-8080-exec-3] INFO  aiims.cf.tms_api.security.JwtAuthenticationFilter - JwtAuthenticationFilter is processing the request.
2024-07-15 11:05:21.330 [http-nio-8080-exec-3] INFO  aiims.cf.tms_api.security.JwtAuthenticationFilter - Request Token: null
2024-07-15 11:05:21.330 [http-nio-8080-exec-3] WARN  aiims.cf.tms_api.security.JwtAuthenticationFilter - JWT token does not begin with Bearer
2024-07-15 11:05:21.330 [http-nio-8080-exec-3] WARN  aiims.cf.tms_api.security.JwtAuthenticationFilter - Username is null or context is not null.
2024-07-15 11:05:21.332 [http-nio-8080-exec-3] INFO  aiims.cf.tms_api.utils.LoggingAdvice - User : anonymousUser is calling from IP : 192.168.30.88 method invoked class aiims.cf.tms_api.controllers.AdminController : callExternalApi() arguments : [{"employeeId":"E2200652","fullName":null,"contactNo":"9818974691","email":null,"status":null,"password":null,"otp":0}]
2024-07-15 11:05:21.612 [http-nio-8080-exec-3] INFO  aiims.cf.tms_api.utils.LoggingAdvice - User : anonymousUser calling from IP : 192.168.30.88 has been completed class aiims.cf.tms_api.controllers.AdminController : callExternalApi()Response : {"headers":{},"body":{"employeeId":"E2200652","fullName":"RAJAT KUMAR","contactNo":"8750030780","email":"","status":"ACTIVE","password":"0","otp":825173},"statusCode":"CREATED","statusCodeValue":201}
2024-07-15 11:05:35.571 [http-nio-8080-exec-6] INFO  aiims.cf.tms_api.security.JwtAuthenticationFilter - JwtAuthenticationFilter is processing the request.
2024-07-15 11:05:35.571 [http-nio-8080-exec-6] INFO  aiims.cf.tms_api.security.JwtAuthenticationFilter - Request Token: Bearer eyJhbGciOiJIUzI1NiJ9.eyJzdWIiOiJTMTIzNDU2NyIsImV4cCI6MTcyMTAzOTU4MCwiaWF0IjoxNzIxMDIxNTgwfQ.UAe0mUkijhiN80AFgDAUe5XYAHASOkypNSx4c40TLlU
2024-07-15 11:05:38.954 [http-nio-8080-exec-10] INFO  aiims.cf.tms_api.security.JwtAuthenticationFilter - JwtAuthenticationFilter is processing the request.
2024-07-15 11:05:38.954 [http-nio-8080-exec-10] INFO  aiims.cf.tms_api.security.JwtAuthenticationFilter - Request Token: Bearer eyJhbGciOiJIUzI1NiJ9.eyJzdWIiOiJTMTIzNDU2NyIsImV4cCI6MTcyMTAzOTU4MCwiaWF0IjoxNzIxMDIxNTgwfQ.UAe0mUkijhiN80AFgDAUe5XYAHASOkypNSx4c40TLlU
2024-07-15 11:05:41.080 [http-nio-8080-exec-5] INFO  aiims.cf.tms_api.security.JwtAuthenticationFilter - JwtAuthenticationFilter is processing the request.
2024-07-15 11:05:41.080 [http-nio-8080-exec-5] INFO  aiims.cf.tms_api.security.JwtAuthenticationFilter - Request Token: null
2024-07-15 11:05:41.080 [http-nio-8080-exec-5] WARN  aiims.cf.tms_api.security.JwtAuthenticationFilter - JWT token does not begin with Bearer
2024-07-15 11:05:41.080 [http-nio-8080-exec-5] WARN  aiims.cf.tms_api.security.JwtAuthenticationFilter - Username is null or context is not null.
2024-07-15 11:05:41.080 [http-nio-8080-exec-5] INFO  aiims.cf.tms_api.utils.LoggingAdvice - User : anonymousUser is calling from IP : 192.168.30.88 method invoked class aiims.cf.tms_api.controllers.AdminController : callExternalApi() arguments : [{"employeeId":"E2200652","fullName":null,"contactNo":"9818974691","email":null,"status":null,"password":null,"otp":0}]
2024-07-15 11:05:41.158 [http-nio-8080-exec-5] INFO  aiims.cf.tms_api.utils.LoggingAdvice - User : anonymousUser calling from IP : 192.168.30.88 has been completed class aiims.cf.tms_api.controllers.AdminController : callExternalApi()Response : {"headers":{},"body":{"employeeId":"E2200652","fullName":"RAJAT KUMAR","contactNo":"8750030780","email":"","status":"ACTIVE","password":"0","otp":102080},"statusCode":"CREATED","statusCodeValue":201}
